<?xml version="1.0" encoding="UTF-8"?>
<testsuite xmlns:xsi="http://www.w3.org/2001/XMLSchema-instance" xsi:noNamespaceSchemaLocation="https://maven.apache.org/surefire/maven-surefire-plugin/xsd/surefire-test-report.xsd" name="com.mercadolibre.desafiofinaljosejimenez.unit.beans.RandomSampleBeanTest" time="0.043" tests="1" errors="0" skipped="0" failures="0">
  <properties>
    <property name="gopherProxySet" value="false"/>
    <property name="awt.toolkit" value="sun.lwawt.macosx.LWCToolkit"/>
    <property name="java.specification.version" value="11"/>
    <property name="sun.cpu.isalist" value=""/>
    <property name="sun.jnu.encoding" value="UTF-8"/>
    <property name="java.class.path" value="/Users/herjimenez/.m2/repository/org/apache/maven/surefire/surefire-booter/2.22.2/surefire-booter-2.22.2.jar:/Users/herjimenez/.m2/repository/org/apache/maven/surefire/surefire-api/2.22.2/surefire-api-2.22.2.jar:/Users/herjimenez/.m2/repository/org/apache/maven/surefire/surefire-logger-api/2.22.2/surefire-logger-api-2.22.2.jar:/Users/herjimenez/Documents/Project-Fury/desafiofinal/desafiofinaljosejimenez/target/test-classes:/Users/herjimenez/Documents/Project-Fury/desafiofinal/desafiofinaljosejimenez/target/classes:/Users/herjimenez/.m2/repository/org/junit/jupiter/junit-jupiter-api/5.7.0/junit-jupiter-api-5.7.0.jar:/Users/herjimenez/.m2/repository/org/apiguardian/apiguardian-api/1.1.0/apiguardian-api-1.1.0.jar:/Users/herjimenez/.m2/repository/org/opentest4j/opentest4j/1.2.0/opentest4j-1.2.0.jar:/Users/herjimenez/.m2/repository/org/junit/platform/junit-platform-commons/1.7.0/junit-platform-commons-1.7.0.jar:/Users/herjimenez/.m2/repository/org/junit/jupiter/junit-jupiter-engine/5.7.0/junit-jupiter-engine-5.7.0.jar:/Users/herjimenez/.m2/repository/org/junit/platform/junit-platform-engine/1.7.0/junit-platform-engine-1.7.0.jar:/Users/herjimenez/.m2/repository/org/junit/platform/junit-platform-launcher/1.7.0/junit-platform-launcher-1.7.0.jar:/Users/herjimenez/.m2/repository/org/junit/platform/junit-platform-runner/1.7.0/junit-platform-runner-1.7.0.jar:/Users/herjimenez/.m2/repository/junit/junit/4.13.1/junit-4.13.1.jar:/Users/herjimenez/.m2/repository/org/hamcrest/hamcrest-core/2.2/hamcrest-core-2.2.jar:/Users/herjimenez/.m2/repository/org/junit/platform/junit-platform-suite-api/1.7.0/junit-platform-suite-api-1.7.0.jar:/Users/herjimenez/.m2/repository/org/springframework/boot/spring-boot-starter-test/2.4.2/spring-boot-starter-test-2.4.2.jar:/Users/herjimenez/.m2/repository/org/springframework/boot/spring-boot-starter/2.4.2/spring-boot-starter-2.4.2.jar:/Users/herjimenez/.m2/repository/org/springframework/boot/spring-boot/2.4.2/spring-boot-2.4.2.jar:/Users/herjimenez/.m2/repository/org/springframework/boot/spring-boot-autoconfigure/2.4.2/spring-boot-autoconfigure-2.4.2.jar:/Users/herjimenez/.m2/repository/org/springframework/boot/spring-boot-starter-logging/2.4.2/spring-boot-starter-logging-2.4.2.jar:/Users/herjimenez/.m2/repository/ch/qos/logback/logback-classic/1.2.3/logback-classic-1.2.3.jar:/Users/herjimenez/.m2/repository/ch/qos/logback/logback-core/1.2.3/logback-core-1.2.3.jar:/Users/herjimenez/.m2/repository/org/apache/logging/log4j/log4j-to-slf4j/2.13.3/log4j-to-slf4j-2.13.3.jar:/Users/herjimenez/.m2/repository/org/apache/logging/log4j/log4j-api/2.13.3/log4j-api-2.13.3.jar:/Users/herjimenez/.m2/repository/org/slf4j/jul-to-slf4j/1.7.30/jul-to-slf4j-1.7.30.jar:/Users/herjimenez/.m2/repository/jakarta/annotation/jakarta.annotation-api/1.3.5/jakarta.annotation-api-1.3.5.jar:/Users/herjimenez/.m2/repository/org/yaml/snakeyaml/1.27/snakeyaml-1.27.jar:/Users/herjimenez/.m2/repository/org/springframework/boot/spring-boot-test/2.4.2/spring-boot-test-2.4.2.jar:/Users/herjimenez/.m2/repository/org/springframework/boot/spring-boot-test-autoconfigure/2.4.2/spring-boot-test-autoconfigure-2.4.2.jar:/Users/herjimenez/.m2/repository/com/jayway/jsonpath/json-path/2.4.0/json-path-2.4.0.jar:/Users/herjimenez/.m2/repository/net/minidev/json-smart/2.3/json-smart-2.3.jar:/Users/herjimenez/.m2/repository/net/minidev/accessors-smart/1.2/accessors-smart-1.2.jar:/Users/herjimenez/.m2/repository/jakarta/xml/bind/jakarta.xml.bind-api/2.3.3/jakarta.xml.bind-api-2.3.3.jar:/Users/herjimenez/.m2/repository/jakarta/activation/jakarta.activation-api/1.2.2/jakarta.activation-api-1.2.2.jar:/Users/herjimenez/.m2/repository/org/assertj/assertj-core/3.18.1/assertj-core-3.18.1.jar:/Users/herjimenez/.m2/repository/org/hamcrest/hamcrest/2.2/hamcrest-2.2.jar:/Users/herjimenez/.m2/repository/org/junit/jupiter/junit-jupiter/5.7.0/junit-jupiter-5.7.0.jar:/Users/herjimenez/.m2/repository/org/junit/jupiter/junit-jupiter-params/5.7.0/junit-jupiter-params-5.7.0.jar:/Users/herjimenez/.m2/repository/org/mockito/mockito-core/3.6.28/mockito-core-3.6.28.jar:/Users/herjimenez/.m2/repository/net/bytebuddy/byte-buddy/1.10.19/byte-buddy-1.10.19.jar:/Users/herjimenez/.m2/repository/net/bytebuddy/byte-buddy-agent/1.10.19/byte-buddy-agent-1.10.19.jar:/Users/herjimenez/.m2/repository/org/objenesis/objenesis/3.1/objenesis-3.1.jar:/Users/herjimenez/.m2/repository/org/mockito/mockito-junit-jupiter/3.6.28/mockito-junit-jupiter-3.6.28.jar:/Users/herjimenez/.m2/repository/org/skyscreamer/jsonassert/1.5.0/jsonassert-1.5.0.jar:/Users/herjimenez/.m2/repository/com/vaadin/external/google/android-json/0.0.20131108.vaadin1/android-json-0.0.20131108.vaadin1.jar:/Users/herjimenez/.m2/repository/org/springframework/spring-core/5.3.3/spring-core-5.3.3.jar:/Users/herjimenez/.m2/repository/org/springframework/spring-jcl/5.3.3/spring-jcl-5.3.3.jar:/Users/herjimenez/.m2/repository/org/springframework/spring-test/5.3.3/spring-test-5.3.3.jar:/Users/herjimenez/.m2/repository/org/xmlunit/xmlunit-core/2.7.0/xmlunit-core-2.7.0.jar:/Users/herjimenez/.m2/repository/com/mercadolibre/restclient/restclient-core/0.3.51/restclient-core-0.3.51.jar:/Users/herjimenez/.m2/repository/com/mercadolibre/restclient/restclient-http/0.3.51/restclient-http-0.3.51.jar:/Users/herjimenez/.m2/repository/org/apache/commons/commons-lang3/3.11/commons-lang3-3.11.jar:/Users/herjimenez/.m2/repository/org/slf4j/slf4j-api/1.7.30/slf4j-api-1.7.30.jar:/Users/herjimenez/.m2/repository/com/google/guava/guava/28.2-jre/guava-28.2-jre.jar:/Users/herjimenez/.m2/repository/com/google/guava/failureaccess/1.0.1/failureaccess-1.0.1.jar:/Users/herjimenez/.m2/repository/com/google/guava/listenablefuture/9999.0-empty-to-avoid-conflict-with-guava/listenablefuture-9999.0-empty-to-avoid-conflict-with-guava.jar:/Users/herjimenez/.m2/repository/com/google/code/findbugs/jsr305/3.0.2/jsr305-3.0.2.jar:/Users/herjimenez/.m2/repository/org/checkerframework/checker-qual/2.10.0/checker-qual-2.10.0.jar:/Users/herjimenez/.m2/repository/com/google/errorprone/error_prone_annotations/2.3.4/error_prone_annotations-2.3.4.jar:/Users/herjimenez/.m2/repository/com/google/j2objc/j2objc-annotations/1.3/j2objc-annotations-1.3.jar:/Users/herjimenez/.m2/repository/com/mercadolibre/common/client-common/0.0.2/client-common-0.0.2.jar:/Users/herjimenez/.m2/repository/com/mercadolibre/restclient/restclient-core/0.3.51/restclient-core-0.3.51-tests.jar:/Users/herjimenez/.m2/repository/javax/servlet/javax.servlet-api/4.0.1/javax.servlet-api-4.0.1.jar:/Users/herjimenez/.m2/repository/org/springframework/boot/spring-boot-starter-web/2.4.2/spring-boot-starter-web-2.4.2.jar:/Users/herjimenez/.m2/repository/org/springframework/boot/spring-boot-starter-json/2.4.2/spring-boot-starter-json-2.4.2.jar:/Users/herjimenez/.m2/repository/com/fasterxml/jackson/datatype/jackson-datatype-jdk8/2.11.4/jackson-datatype-jdk8-2.11.4.jar:/Users/herjimenez/.m2/repository/com/fasterxml/jackson/datatype/jackson-datatype-jsr310/2.11.4/jackson-datatype-jsr310-2.11.4.jar:/Users/herjimenez/.m2/repository/com/fasterxml/jackson/module/jackson-module-parameter-names/2.11.4/jackson-module-parameter-names-2.11.4.jar:/Users/herjimenez/.m2/repository/org/springframework/spring-web/5.3.3/spring-web-5.3.3.jar:/Users/herjimenez/.m2/repository/org/springframework/spring-beans/5.3.3/spring-beans-5.3.3.jar:/Users/herjimenez/.m2/repository/org/springframework/spring-webmvc/5.3.3/spring-webmvc-5.3.3.jar:/Users/herjimenez/.m2/repository/org/springframework/spring-aop/5.3.3/spring-aop-5.3.3.jar:/Users/herjimenez/.m2/repository/org/springframework/spring-context/5.3.3/spring-context-5.3.3.jar:/Users/herjimenez/.m2/repository/org/springframework/spring-expression/5.3.3/spring-expression-5.3.3.jar:/Users/herjimenez/.m2/repository/org/springframework/boot/spring-boot-starter-jetty/2.4.2/spring-boot-starter-jetty-2.4.2.jar:/Users/herjimenez/.m2/repository/jakarta/servlet/jakarta.servlet-api/4.0.4/jakarta.servlet-api-4.0.4.jar:/Users/herjimenez/.m2/repository/jakarta/websocket/jakarta.websocket-api/1.1.2/jakarta.websocket-api-1.1.2.jar:/Users/herjimenez/.m2/repository/org/eclipse/jetty/jetty-servlets/9.4.35.v20201120/jetty-servlets-9.4.35.v20201120.jar:/Users/herjimenez/.m2/repository/org/eclipse/jetty/jetty-continuation/9.4.35.v20201120/jetty-continuation-9.4.35.v20201120.jar:/Users/herjimenez/.m2/repository/org/eclipse/jetty/jetty-http/9.4.35.v20201120/jetty-http-9.4.35.v20201120.jar:/Users/herjimenez/.m2/repository/org/eclipse/jetty/jetty-util/9.4.35.v20201120/jetty-util-9.4.35.v20201120.jar:/Users/herjimenez/.m2/repository/org/eclipse/jetty/jetty-io/9.4.35.v20201120/jetty-io-9.4.35.v20201120.jar:/Users/herjimenez/.m2/repository/org/eclipse/jetty/jetty-webapp/9.4.35.v20201120/jetty-webapp-9.4.35.v20201120.jar:/Users/herjimenez/.m2/repository/org/eclipse/jetty/jetty-xml/9.4.35.v20201120/jetty-xml-9.4.35.v20201120.jar:/Users/herjimenez/.m2/repository/org/eclipse/jetty/jetty-servlet/9.4.35.v20201120/jetty-servlet-9.4.35.v20201120.jar:/Users/herjimenez/.m2/repository/org/eclipse/jetty/jetty-security/9.4.35.v20201120/jetty-security-9.4.35.v20201120.jar:/Users/herjimenez/.m2/repository/org/eclipse/jetty/jetty-server/9.4.35.v20201120/jetty-server-9.4.35.v20201120.jar:/Users/herjimenez/.m2/repository/org/eclipse/jetty/jetty-util-ajax/9.4.35.v20201120/jetty-util-ajax-9.4.35.v20201120.jar:/Users/herjimenez/.m2/repository/org/eclipse/jetty/websocket/websocket-server/9.4.35.v20201120/websocket-server-9.4.35.v20201120.jar:/Users/herjimenez/.m2/repository/org/eclipse/jetty/websocket/websocket-common/9.4.35.v20201120/websocket-common-9.4.35.v20201120.jar:/Users/herjimenez/.m2/repository/org/eclipse/jetty/websocket/websocket-api/9.4.35.v20201120/websocket-api-9.4.35.v20201120.jar:/Users/herjimenez/.m2/repository/org/eclipse/jetty/websocket/websocket-client/9.4.35.v20201120/websocket-client-9.4.35.v20201120.jar:/Users/herjimenez/.m2/repository/org/eclipse/jetty/jetty-client/9.4.35.v20201120/jetty-client-9.4.35.v20201120.jar:/Users/herjimenez/.m2/repository/org/eclipse/jetty/websocket/websocket-servlet/9.4.35.v20201120/websocket-servlet-9.4.35.v20201120.jar:/Users/herjimenez/.m2/repository/org/eclipse/jetty/websocket/javax-websocket-server-impl/9.4.35.v20201120/javax-websocket-server-impl-9.4.35.v20201120.jar:/Users/herjimenez/.m2/repository/org/eclipse/jetty/jetty-annotations/9.4.35.v20201120/jetty-annotations-9.4.35.v20201120.jar:/Users/herjimenez/.m2/repository/org/eclipse/jetty/jetty-plus/9.4.35.v20201120/jetty-plus-9.4.35.v20201120.jar:/Users/herjimenez/.m2/repository/org/ow2/asm/asm/6.1.1/asm-6.1.1.jar:/Users/herjimenez/.m2/repository/org/ow2/asm/asm-commons/9.0/asm-commons-9.0.jar:/Users/herjimenez/.m2/repository/org/ow2/asm/asm-tree/9.0/asm-tree-9.0.jar:/Users/herjimenez/.m2/repository/org/ow2/asm/asm-analysis/9.0/asm-analysis-9.0.jar:/Users/herjimenez/.m2/repository/org/eclipse/jetty/websocket/javax-websocket-client-impl/9.4.35.v20201120/javax-websocket-client-impl-9.4.35.v20201120.jar:/Users/herjimenez/.m2/repository/org/glassfish/jakarta.el/3.0.3/jakarta.el-3.0.3.jar:/Users/herjimenez/.m2/repository/org/springdoc/springdoc-openapi-ui/1.5.2/springdoc-openapi-ui-1.5.2.jar:/Users/herjimenez/.m2/repository/org/springdoc/springdoc-openapi-webmvc-core/1.5.2/springdoc-openapi-webmvc-core-1.5.2.jar:/Users/herjimenez/.m2/repository/org/springdoc/springdoc-openapi-common/1.5.2/springdoc-openapi-common-1.5.2.jar:/Users/herjimenez/.m2/repository/io/swagger/core/v3/swagger-models/2.1.6/swagger-models-2.1.6.jar:/Users/herjimenez/.m2/repository/io/swagger/core/v3/swagger-annotations/2.1.6/swagger-annotations-2.1.6.jar:/Users/herjimenez/.m2/repository/io/swagger/core/v3/swagger-integration/2.1.6/swagger-integration-2.1.6.jar:/Users/herjimenez/.m2/repository/io/swagger/core/v3/swagger-core/2.1.6/swagger-core-2.1.6.jar:/Users/herjimenez/.m2/repository/com/fasterxml/jackson/dataformat/jackson-dataformat-yaml/2.11.4/jackson-dataformat-yaml-2.11.4.jar:/Users/herjimenez/.m2/repository/jakarta/validation/jakarta.validation-api/2.0.2/jakarta.validation-api-2.0.2.jar:/Users/herjimenez/.m2/repository/io/github/classgraph/classgraph/4.8.69/classgraph-4.8.69.jar:/Users/herjimenez/.m2/repository/org/webjars/swagger-ui/3.38.0/swagger-ui-3.38.0.jar:/Users/herjimenez/.m2/repository/org/webjars/webjars-locator-core/0.46/webjars-locator-core-0.46.jar:/Users/herjimenez/.m2/repository/com/fasterxml/jackson/core/jackson-core/2.11.4/jackson-core-2.11.4.jar:/Users/herjimenez/.m2/repository/com/newrelic/agent/java/newrelic-api/6.3.0/newrelic-api-6.3.0.jar:/Users/herjimenez/.m2/repository/com/mercadolibre/json/json-core/0.0.13/json-core-0.0.13.jar:/Users/herjimenez/.m2/repository/com/mercadolibre/json_jackson/json-jackson/0.0.13/json-jackson-0.0.13.jar:/Users/herjimenez/.m2/repository/net/sf/json-lib/json-lib/2.3/json-lib-2.3-jdk15.jar:/Users/herjimenez/.m2/repository/commons-beanutils/commons-beanutils/1.8.0/commons-beanutils-1.8.0.jar:/Users/herjimenez/.m2/repository/commons-collections/commons-collections/3.2.1/commons-collections-3.2.1.jar:/Users/herjimenez/.m2/repository/commons-lang/commons-lang/2.6/commons-lang-2.6.jar:/Users/herjimenez/.m2/repository/commons-logging/commons-logging/1.2/commons-logging-1.2.jar:/Users/herjimenez/.m2/repository/net/sf/ezmorph/ezmorph/1.0.6/ezmorph-1.0.6.jar:/Users/herjimenez/.m2/repository/com/fasterxml/jackson/core/jackson-databind/2.11.4/jackson-databind-2.11.4.jar:/Users/herjimenez/.m2/repository/com/fasterxml/jackson/core/jackson-annotations/2.11.4/jackson-annotations-2.11.4.jar:/Users/herjimenez/.m2/repository/com/fasterxml/jackson/module/jackson-module-afterburner/2.11.4/jackson-module-afterburner-2.11.4.jar:/Users/herjimenez/.m2/repository/com/mercadolibre/resilience/resilience-core/1.1.1/resilience-core-1.1.1.jar:/Users/herjimenez/.m2/repository/com/mercadolibre/metrics/metrics-core/0.0.13/metrics-core-0.0.13.jar:/Users/herjimenez/.m2/repository/com/mercadolibre/metrics/datadog-metric-wrapper/0.0.13/datadog-metric-wrapper-0.0.13.jar:/Users/herjimenez/.m2/repository/fury/java/metric_collector/0.2.1/metric_collector-0.2.1.jar:/Users/herjimenez/.m2/repository/com/datadoghq/java-dogstatsd-client/2.4/java-dogstatsd-client-2.4.jar:/Users/herjimenez/.m2/repository/javadog/javadog/0.1.0/javadog-0.1.0.jar:/Users/herjimenez/.m2/repository/org/apache/directory/studio/org.apache.commons.io/2.4/org.apache.commons.io-2.4.jar:/Users/herjimenez/.m2/repository/commons-io/commons-io/2.6/commons-io-2.6.jar:/Users/herjimenez/.m2/repository/com/mercadolibre/threading/0.1.4/threading-0.1.4.jar:/Users/herjimenez/.m2/repository/com/mercadolibre/routing/2.2.1/routing-2.2.1.jar:/Users/herjimenez/.m2/repository/com/mercadolibre/restclient/meli-restclient-context/0.3.52/meli-restclient-context-0.3.52.jar:/Users/herjimenez/.m2/repository/org/springframework/boot/spring-boot-starter-data-jpa/2.4.2/spring-boot-starter-data-jpa-2.4.2.jar:/Users/herjimenez/.m2/repository/org/springframework/boot/spring-boot-starter-aop/2.4.2/spring-boot-starter-aop-2.4.2.jar:/Users/herjimenez/.m2/repository/org/aspectj/aspectjweaver/1.9.6/aspectjweaver-1.9.6.jar:/Users/herjimenez/.m2/repository/org/springframework/boot/spring-boot-starter-jdbc/2.4.2/spring-boot-starter-jdbc-2.4.2.jar:/Users/herjimenez/.m2/repository/com/zaxxer/HikariCP/3.4.5/HikariCP-3.4.5.jar:/Users/herjimenez/.m2/repository/org/springframework/spring-jdbc/5.3.3/spring-jdbc-5.3.3.jar:/Users/herjimenez/.m2/repository/jakarta/transaction/jakarta.transaction-api/1.3.3/jakarta.transaction-api-1.3.3.jar:/Users/herjimenez/.m2/repository/jakarta/persistence/jakarta.persistence-api/2.2.3/jakarta.persistence-api-2.2.3.jar:/Users/herjimenez/.m2/repository/org/hibernate/hibernate-core/5.4.27.Final/hibernate-core-5.4.27.Final.jar:/Users/herjimenez/.m2/repository/org/jboss/logging/jboss-logging/3.4.1.Final/jboss-logging-3.4.1.Final.jar:/Users/herjimenez/.m2/repository/org/javassist/javassist/3.27.0-GA/javassist-3.27.0-GA.jar:/Users/herjimenez/.m2/repository/antlr/antlr/2.7.7/antlr-2.7.7.jar:/Users/herjimenez/.m2/repository/org/jboss/jandex/2.1.3.Final/jandex-2.1.3.Final.jar:/Users/herjimenez/.m2/repository/com/fasterxml/classmate/1.5.1/classmate-1.5.1.jar:/Users/herjimenez/.m2/repository/org/dom4j/dom4j/2.1.3/dom4j-2.1.3.jar:/Users/herjimenez/.m2/repository/org/hibernate/common/hibernate-commons-annotations/5.1.2.Final/hibernate-commons-annotations-5.1.2.Final.jar:/Users/herjimenez/.m2/repository/org/glassfish/jaxb/jaxb-runtime/2.3.3/jaxb-runtime-2.3.3.jar:/Users/herjimenez/.m2/repository/org/glassfish/jaxb/txw2/2.3.3/txw2-2.3.3.jar:/Users/herjimenez/.m2/repository/com/sun/istack/istack-commons-runtime/3.0.11/istack-commons-runtime-3.0.11.jar:/Users/herjimenez/.m2/repository/com/sun/activation/jakarta.activation/1.2.2/jakarta.activation-1.2.2.jar:/Users/herjimenez/.m2/repository/org/springframework/data/spring-data-jpa/2.4.3/spring-data-jpa-2.4.3.jar:/Users/herjimenez/.m2/repository/org/springframework/data/spring-data-commons/2.4.3/spring-data-commons-2.4.3.jar:/Users/herjimenez/.m2/repository/org/springframework/spring-orm/5.3.3/spring-orm-5.3.3.jar:/Users/herjimenez/.m2/repository/org/springframework/spring-tx/5.3.3/spring-tx-5.3.3.jar:/Users/herjimenez/.m2/repository/org/springframework/spring-aspects/5.3.3/spring-aspects-5.3.3.jar:/Users/herjimenez/.m2/repository/com/h2database/h2/1.4.200/h2-1.4.200.jar:/Users/herjimenez/.m2/repository/mysql/mysql-connector-java/8.0.22/mysql-connector-java-8.0.22.jar:/Users/herjimenez/.m2/repository/com/mercadolibre/spring-boot-starter/0.0.4/spring-boot-starter-0.0.4.jar:/Users/herjimenez/.m2/repository/com/fury/furyutils/0.0.2/furyutils-0.0.2.jar:/Users/herjimenez/.m2/repository/com/googlecode/json-simple/json-simple/1.1.1/json-simple-1.1.1.jar:/Users/herjimenez/.m2/repository/log4j/log4j/1.2.12/log4j-1.2.12.jar:/Users/herjimenez/.m2/repository/org/modelmapper/modelmapper/2.3.5/modelmapper-2.3.5.jar:/Users/herjimenez/.m2/repository/org/apache/maven/surefire/surefire-junit-platform/2.22.2/surefire-junit-platform-2.22.2.jar"/>
    <property name="java.vm.vendor" value="Azul Systems, Inc."/>
    <property name="sun.arch.data.model" value="64"/>
    <property name="java.vendor.url" value="http://www.azulsystems.com/"/>
    <property name="user.timezone" value=""/>
    <property name="java.vm.specification.version" value="11"/>
    <property name="os.name" value="Mac OS X"/>
    <property name="sun.java.launcher" value="SUN_STANDARD"/>
    <property name="user.country" value="CO"/>
    <property name="sun.boot.library.path" value="/Users/herjimenez/.sdkman/candidates/java/11.0.10-zulu/zulu-11.jdk/Contents/Home/lib"/>
    <property name="sun.java.command" value="org.apache.maven.surefire.booter.ForkedBooter /Users/herjimenez/Documents/Project-Fury/desafiofinal/desafiofinaljosejimenez/target/surefire 2021-05-04T15-35-54_285-jvmRun1 surefire10659099721456164267tmp surefire_013896254230336621566tmp"/>
    <property name="http.nonProxyHosts" value="local|*.local|169.254/16|*.169.254/16"/>
    <property name="jdk.debug" value="release"/>
    <property name="surefire.test.class.path" value="/Users/herjimenez/Documents/Project-Fury/desafiofinal/desafiofinaljosejimenez/target/test-classes:/Users/herjimenez/Documents/Project-Fury/desafiofinal/desafiofinaljosejimenez/target/classes:/Users/herjimenez/.m2/repository/org/junit/jupiter/junit-jupiter-api/5.7.0/junit-jupiter-api-5.7.0.jar:/Users/herjimenez/.m2/repository/org/apiguardian/apiguardian-api/1.1.0/apiguardian-api-1.1.0.jar:/Users/herjimenez/.m2/repository/org/opentest4j/opentest4j/1.2.0/opentest4j-1.2.0.jar:/Users/herjimenez/.m2/repository/org/junit/platform/junit-platform-commons/1.7.0/junit-platform-commons-1.7.0.jar:/Users/herjimenez/.m2/repository/org/junit/jupiter/junit-jupiter-engine/5.7.0/junit-jupiter-engine-5.7.0.jar:/Users/herjimenez/.m2/repository/org/junit/platform/junit-platform-engine/1.7.0/junit-platform-engine-1.7.0.jar:/Users/herjimenez/.m2/repository/org/junit/platform/junit-platform-launcher/1.7.0/junit-platform-launcher-1.7.0.jar:/Users/herjimenez/.m2/repository/org/junit/platform/junit-platform-runner/1.7.0/junit-platform-runner-1.7.0.jar:/Users/herjimenez/.m2/repository/junit/junit/4.13.1/junit-4.13.1.jar:/Users/herjimenez/.m2/repository/org/hamcrest/hamcrest-core/2.2/hamcrest-core-2.2.jar:/Users/herjimenez/.m2/repository/org/junit/platform/junit-platform-suite-api/1.7.0/junit-platform-suite-api-1.7.0.jar:/Users/herjimenez/.m2/repository/org/springframework/boot/spring-boot-starter-test/2.4.2/spring-boot-starter-test-2.4.2.jar:/Users/herjimenez/.m2/repository/org/springframework/boot/spring-boot-starter/2.4.2/spring-boot-starter-2.4.2.jar:/Users/herjimenez/.m2/repository/org/springframework/boot/spring-boot/2.4.2/spring-boot-2.4.2.jar:/Users/herjimenez/.m2/repository/org/springframework/boot/spring-boot-autoconfigure/2.4.2/spring-boot-autoconfigure-2.4.2.jar:/Users/herjimenez/.m2/repository/org/springframework/boot/spring-boot-starter-logging/2.4.2/spring-boot-starter-logging-2.4.2.jar:/Users/herjimenez/.m2/repository/ch/qos/logback/logback-classic/1.2.3/logback-classic-1.2.3.jar:/Users/herjimenez/.m2/repository/ch/qos/logback/logback-core/1.2.3/logback-core-1.2.3.jar:/Users/herjimenez/.m2/repository/org/apache/logging/log4j/log4j-to-slf4j/2.13.3/log4j-to-slf4j-2.13.3.jar:/Users/herjimenez/.m2/repository/org/apache/logging/log4j/log4j-api/2.13.3/log4j-api-2.13.3.jar:/Users/herjimenez/.m2/repository/org/slf4j/jul-to-slf4j/1.7.30/jul-to-slf4j-1.7.30.jar:/Users/herjimenez/.m2/repository/jakarta/annotation/jakarta.annotation-api/1.3.5/jakarta.annotation-api-1.3.5.jar:/Users/herjimenez/.m2/repository/org/yaml/snakeyaml/1.27/snakeyaml-1.27.jar:/Users/herjimenez/.m2/repository/org/springframework/boot/spring-boot-test/2.4.2/spring-boot-test-2.4.2.jar:/Users/herjimenez/.m2/repository/org/springframework/boot/spring-boot-test-autoconfigure/2.4.2/spring-boot-test-autoconfigure-2.4.2.jar:/Users/herjimenez/.m2/repository/com/jayway/jsonpath/json-path/2.4.0/json-path-2.4.0.jar:/Users/herjimenez/.m2/repository/net/minidev/json-smart/2.3/json-smart-2.3.jar:/Users/herjimenez/.m2/repository/net/minidev/accessors-smart/1.2/accessors-smart-1.2.jar:/Users/herjimenez/.m2/repository/jakarta/xml/bind/jakarta.xml.bind-api/2.3.3/jakarta.xml.bind-api-2.3.3.jar:/Users/herjimenez/.m2/repository/jakarta/activation/jakarta.activation-api/1.2.2/jakarta.activation-api-1.2.2.jar:/Users/herjimenez/.m2/repository/org/assertj/assertj-core/3.18.1/assertj-core-3.18.1.jar:/Users/herjimenez/.m2/repository/org/hamcrest/hamcrest/2.2/hamcrest-2.2.jar:/Users/herjimenez/.m2/repository/org/junit/jupiter/junit-jupiter/5.7.0/junit-jupiter-5.7.0.jar:/Users/herjimenez/.m2/repository/org/junit/jupiter/junit-jupiter-params/5.7.0/junit-jupiter-params-5.7.0.jar:/Users/herjimenez/.m2/repository/org/mockito/mockito-core/3.6.28/mockito-core-3.6.28.jar:/Users/herjimenez/.m2/repository/net/bytebuddy/byte-buddy/1.10.19/byte-buddy-1.10.19.jar:/Users/herjimenez/.m2/repository/net/bytebuddy/byte-buddy-agent/1.10.19/byte-buddy-agent-1.10.19.jar:/Users/herjimenez/.m2/repository/org/objenesis/objenesis/3.1/objenesis-3.1.jar:/Users/herjimenez/.m2/repository/org/mockito/mockito-junit-jupiter/3.6.28/mockito-junit-jupiter-3.6.28.jar:/Users/herjimenez/.m2/repository/org/skyscreamer/jsonassert/1.5.0/jsonassert-1.5.0.jar:/Users/herjimenez/.m2/repository/com/vaadin/external/google/android-json/0.0.20131108.vaadin1/android-json-0.0.20131108.vaadin1.jar:/Users/herjimenez/.m2/repository/org/springframework/spring-core/5.3.3/spring-core-5.3.3.jar:/Users/herjimenez/.m2/repository/org/springframework/spring-jcl/5.3.3/spring-jcl-5.3.3.jar:/Users/herjimenez/.m2/repository/org/springframework/spring-test/5.3.3/spring-test-5.3.3.jar:/Users/herjimenez/.m2/repository/org/xmlunit/xmlunit-core/2.7.0/xmlunit-core-2.7.0.jar:/Users/herjimenez/.m2/repository/com/mercadolibre/restclient/restclient-core/0.3.51/restclient-core-0.3.51.jar:/Users/herjimenez/.m2/repository/com/mercadolibre/restclient/restclient-http/0.3.51/restclient-http-0.3.51.jar:/Users/herjimenez/.m2/repository/org/apache/commons/commons-lang3/3.11/commons-lang3-3.11.jar:/Users/herjimenez/.m2/repository/org/slf4j/slf4j-api/1.7.30/slf4j-api-1.7.30.jar:/Users/herjimenez/.m2/repository/com/google/guava/guava/28.2-jre/guava-28.2-jre.jar:/Users/herjimenez/.m2/repository/com/google/guava/failureaccess/1.0.1/failureaccess-1.0.1.jar:/Users/herjimenez/.m2/repository/com/google/guava/listenablefuture/9999.0-empty-to-avoid-conflict-with-guava/listenablefuture-9999.0-empty-to-avoid-conflict-with-guava.jar:/Users/herjimenez/.m2/repository/com/google/code/findbugs/jsr305/3.0.2/jsr305-3.0.2.jar:/Users/herjimenez/.m2/repository/org/checkerframework/checker-qual/2.10.0/checker-qual-2.10.0.jar:/Users/herjimenez/.m2/repository/com/google/errorprone/error_prone_annotations/2.3.4/error_prone_annotations-2.3.4.jar:/Users/herjimenez/.m2/repository/com/google/j2objc/j2objc-annotations/1.3/j2objc-annotations-1.3.jar:/Users/herjimenez/.m2/repository/com/mercadolibre/common/client-common/0.0.2/client-common-0.0.2.jar:/Users/herjimenez/.m2/repository/com/mercadolibre/restclient/restclient-core/0.3.51/restclient-core-0.3.51-tests.jar:/Users/herjimenez/.m2/repository/javax/servlet/javax.servlet-api/4.0.1/javax.servlet-api-4.0.1.jar:/Users/herjimenez/.m2/repository/org/springframework/boot/spring-boot-starter-web/2.4.2/spring-boot-starter-web-2.4.2.jar:/Users/herjimenez/.m2/repository/org/springframework/boot/spring-boot-starter-json/2.4.2/spring-boot-starter-json-2.4.2.jar:/Users/herjimenez/.m2/repository/com/fasterxml/jackson/datatype/jackson-datatype-jdk8/2.11.4/jackson-datatype-jdk8-2.11.4.jar:/Users/herjimenez/.m2/repository/com/fasterxml/jackson/datatype/jackson-datatype-jsr310/2.11.4/jackson-datatype-jsr310-2.11.4.jar:/Users/herjimenez/.m2/repository/com/fasterxml/jackson/module/jackson-module-parameter-names/2.11.4/jackson-module-parameter-names-2.11.4.jar:/Users/herjimenez/.m2/repository/org/springframework/spring-web/5.3.3/spring-web-5.3.3.jar:/Users/herjimenez/.m2/repository/org/springframework/spring-beans/5.3.3/spring-beans-5.3.3.jar:/Users/herjimenez/.m2/repository/org/springframework/spring-webmvc/5.3.3/spring-webmvc-5.3.3.jar:/Users/herjimenez/.m2/repository/org/springframework/spring-aop/5.3.3/spring-aop-5.3.3.jar:/Users/herjimenez/.m2/repository/org/springframework/spring-context/5.3.3/spring-context-5.3.3.jar:/Users/herjimenez/.m2/repository/org/springframework/spring-expression/5.3.3/spring-expression-5.3.3.jar:/Users/herjimenez/.m2/repository/org/springframework/boot/spring-boot-starter-jetty/2.4.2/spring-boot-starter-jetty-2.4.2.jar:/Users/herjimenez/.m2/repository/jakarta/servlet/jakarta.servlet-api/4.0.4/jakarta.servlet-api-4.0.4.jar:/Users/herjimenez/.m2/repository/jakarta/websocket/jakarta.websocket-api/1.1.2/jakarta.websocket-api-1.1.2.jar:/Users/herjimenez/.m2/repository/org/eclipse/jetty/jetty-servlets/9.4.35.v20201120/jetty-servlets-9.4.35.v20201120.jar:/Users/herjimenez/.m2/repository/org/eclipse/jetty/jetty-continuation/9.4.35.v20201120/jetty-continuation-9.4.35.v20201120.jar:/Users/herjimenez/.m2/repository/org/eclipse/jetty/jetty-http/9.4.35.v20201120/jetty-http-9.4.35.v20201120.jar:/Users/herjimenez/.m2/repository/org/eclipse/jetty/jetty-util/9.4.35.v20201120/jetty-util-9.4.35.v20201120.jar:/Users/herjimenez/.m2/repository/org/eclipse/jetty/jetty-io/9.4.35.v20201120/jetty-io-9.4.35.v20201120.jar:/Users/herjimenez/.m2/repository/org/eclipse/jetty/jetty-webapp/9.4.35.v20201120/jetty-webapp-9.4.35.v20201120.jar:/Users/herjimenez/.m2/repository/org/eclipse/jetty/jetty-xml/9.4.35.v20201120/jetty-xml-9.4.35.v20201120.jar:/Users/herjimenez/.m2/repository/org/eclipse/jetty/jetty-servlet/9.4.35.v20201120/jetty-servlet-9.4.35.v20201120.jar:/Users/herjimenez/.m2/repository/org/eclipse/jetty/jetty-security/9.4.35.v20201120/jetty-security-9.4.35.v20201120.jar:/Users/herjimenez/.m2/repository/org/eclipse/jetty/jetty-server/9.4.35.v20201120/jetty-server-9.4.35.v20201120.jar:/Users/herjimenez/.m2/repository/org/eclipse/jetty/jetty-util-ajax/9.4.35.v20201120/jetty-util-ajax-9.4.35.v20201120.jar:/Users/herjimenez/.m2/repository/org/eclipse/jetty/websocket/websocket-server/9.4.35.v20201120/websocket-server-9.4.35.v20201120.jar:/Users/herjimenez/.m2/repository/org/eclipse/jetty/websocket/websocket-common/9.4.35.v20201120/websocket-common-9.4.35.v20201120.jar:/Users/herjimenez/.m2/repository/org/eclipse/jetty/websocket/websocket-api/9.4.35.v20201120/websocket-api-9.4.35.v20201120.jar:/Users/herjimenez/.m2/repository/org/eclipse/jetty/websocket/websocket-client/9.4.35.v20201120/websocket-client-9.4.35.v20201120.jar:/Users/herjimenez/.m2/repository/org/eclipse/jetty/jetty-client/9.4.35.v20201120/jetty-client-9.4.35.v20201120.jar:/Users/herjimenez/.m2/repository/org/eclipse/jetty/websocket/websocket-servlet/9.4.35.v20201120/websocket-servlet-9.4.35.v20201120.jar:/Users/herjimenez/.m2/repository/org/eclipse/jetty/websocket/javax-websocket-server-impl/9.4.35.v20201120/javax-websocket-server-impl-9.4.35.v20201120.jar:/Users/herjimenez/.m2/repository/org/eclipse/jetty/jetty-annotations/9.4.35.v20201120/jetty-annotations-9.4.35.v20201120.jar:/Users/herjimenez/.m2/repository/org/eclipse/jetty/jetty-plus/9.4.35.v20201120/jetty-plus-9.4.35.v20201120.jar:/Users/herjimenez/.m2/repository/org/ow2/asm/asm/6.1.1/asm-6.1.1.jar:/Users/herjimenez/.m2/repository/org/ow2/asm/asm-commons/9.0/asm-commons-9.0.jar:/Users/herjimenez/.m2/repository/org/ow2/asm/asm-tree/9.0/asm-tree-9.0.jar:/Users/herjimenez/.m2/repository/org/ow2/asm/asm-analysis/9.0/asm-analysis-9.0.jar:/Users/herjimenez/.m2/repository/org/eclipse/jetty/websocket/javax-websocket-client-impl/9.4.35.v20201120/javax-websocket-client-impl-9.4.35.v20201120.jar:/Users/herjimenez/.m2/repository/org/glassfish/jakarta.el/3.0.3/jakarta.el-3.0.3.jar:/Users/herjimenez/.m2/repository/org/springdoc/springdoc-openapi-ui/1.5.2/springdoc-openapi-ui-1.5.2.jar:/Users/herjimenez/.m2/repository/org/springdoc/springdoc-openapi-webmvc-core/1.5.2/springdoc-openapi-webmvc-core-1.5.2.jar:/Users/herjimenez/.m2/repository/org/springdoc/springdoc-openapi-common/1.5.2/springdoc-openapi-common-1.5.2.jar:/Users/herjimenez/.m2/repository/io/swagger/core/v3/swagger-models/2.1.6/swagger-models-2.1.6.jar:/Users/herjimenez/.m2/repository/io/swagger/core/v3/swagger-annotations/2.1.6/swagger-annotations-2.1.6.jar:/Users/herjimenez/.m2/repository/io/swagger/core/v3/swagger-integration/2.1.6/swagger-integration-2.1.6.jar:/Users/herjimenez/.m2/repository/io/swagger/core/v3/swagger-core/2.1.6/swagger-core-2.1.6.jar:/Users/herjimenez/.m2/repository/com/fasterxml/jackson/dataformat/jackson-dataformat-yaml/2.11.4/jackson-dataformat-yaml-2.11.4.jar:/Users/herjimenez/.m2/repository/jakarta/validation/jakarta.validation-api/2.0.2/jakarta.validation-api-2.0.2.jar:/Users/herjimenez/.m2/repository/io/github/classgraph/classgraph/4.8.69/classgraph-4.8.69.jar:/Users/herjimenez/.m2/repository/org/webjars/swagger-ui/3.38.0/swagger-ui-3.38.0.jar:/Users/herjimenez/.m2/repository/org/webjars/webjars-locator-core/0.46/webjars-locator-core-0.46.jar:/Users/herjimenez/.m2/repository/com/fasterxml/jackson/core/jackson-core/2.11.4/jackson-core-2.11.4.jar:/Users/herjimenez/.m2/repository/com/newrelic/agent/java/newrelic-api/6.3.0/newrelic-api-6.3.0.jar:/Users/herjimenez/.m2/repository/com/mercadolibre/json/json-core/0.0.13/json-core-0.0.13.jar:/Users/herjimenez/.m2/repository/com/mercadolibre/json_jackson/json-jackson/0.0.13/json-jackson-0.0.13.jar:/Users/herjimenez/.m2/repository/net/sf/json-lib/json-lib/2.3/json-lib-2.3-jdk15.jar:/Users/herjimenez/.m2/repository/commons-beanutils/commons-beanutils/1.8.0/commons-beanutils-1.8.0.jar:/Users/herjimenez/.m2/repository/commons-collections/commons-collections/3.2.1/commons-collections-3.2.1.jar:/Users/herjimenez/.m2/repository/commons-lang/commons-lang/2.6/commons-lang-2.6.jar:/Users/herjimenez/.m2/repository/commons-logging/commons-logging/1.2/commons-logging-1.2.jar:/Users/herjimenez/.m2/repository/net/sf/ezmorph/ezmorph/1.0.6/ezmorph-1.0.6.jar:/Users/herjimenez/.m2/repository/com/fasterxml/jackson/core/jackson-databind/2.11.4/jackson-databind-2.11.4.jar:/Users/herjimenez/.m2/repository/com/fasterxml/jackson/core/jackson-annotations/2.11.4/jackson-annotations-2.11.4.jar:/Users/herjimenez/.m2/repository/com/fasterxml/jackson/module/jackson-module-afterburner/2.11.4/jackson-module-afterburner-2.11.4.jar:/Users/herjimenez/.m2/repository/com/mercadolibre/resilience/resilience-core/1.1.1/resilience-core-1.1.1.jar:/Users/herjimenez/.m2/repository/com/mercadolibre/metrics/metrics-core/0.0.13/metrics-core-0.0.13.jar:/Users/herjimenez/.m2/repository/com/mercadolibre/metrics/datadog-metric-wrapper/0.0.13/datadog-metric-wrapper-0.0.13.jar:/Users/herjimenez/.m2/repository/fury/java/metric_collector/0.2.1/metric_collector-0.2.1.jar:/Users/herjimenez/.m2/repository/com/datadoghq/java-dogstatsd-client/2.4/java-dogstatsd-client-2.4.jar:/Users/herjimenez/.m2/repository/javadog/javadog/0.1.0/javadog-0.1.0.jar:/Users/herjimenez/.m2/repository/org/apache/directory/studio/org.apache.commons.io/2.4/org.apache.commons.io-2.4.jar:/Users/herjimenez/.m2/repository/commons-io/commons-io/2.6/commons-io-2.6.jar:/Users/herjimenez/.m2/repository/com/mercadolibre/threading/0.1.4/threading-0.1.4.jar:/Users/herjimenez/.m2/repository/com/mercadolibre/routing/2.2.1/routing-2.2.1.jar:/Users/herjimenez/.m2/repository/com/mercadolibre/restclient/meli-restclient-context/0.3.52/meli-restclient-context-0.3.52.jar:/Users/herjimenez/.m2/repository/org/springframework/boot/spring-boot-starter-data-jpa/2.4.2/spring-boot-starter-data-jpa-2.4.2.jar:/Users/herjimenez/.m2/repository/org/springframework/boot/spring-boot-starter-aop/2.4.2/spring-boot-starter-aop-2.4.2.jar:/Users/herjimenez/.m2/repository/org/aspectj/aspectjweaver/1.9.6/aspectjweaver-1.9.6.jar:/Users/herjimenez/.m2/repository/org/springframework/boot/spring-boot-starter-jdbc/2.4.2/spring-boot-starter-jdbc-2.4.2.jar:/Users/herjimenez/.m2/repository/com/zaxxer/HikariCP/3.4.5/HikariCP-3.4.5.jar:/Users/herjimenez/.m2/repository/org/springframework/spring-jdbc/5.3.3/spring-jdbc-5.3.3.jar:/Users/herjimenez/.m2/repository/jakarta/transaction/jakarta.transaction-api/1.3.3/jakarta.transaction-api-1.3.3.jar:/Users/herjimenez/.m2/repository/jakarta/persistence/jakarta.persistence-api/2.2.3/jakarta.persistence-api-2.2.3.jar:/Users/herjimenez/.m2/repository/org/hibernate/hibernate-core/5.4.27.Final/hibernate-core-5.4.27.Final.jar:/Users/herjimenez/.m2/repository/org/jboss/logging/jboss-logging/3.4.1.Final/jboss-logging-3.4.1.Final.jar:/Users/herjimenez/.m2/repository/org/javassist/javassist/3.27.0-GA/javassist-3.27.0-GA.jar:/Users/herjimenez/.m2/repository/antlr/antlr/2.7.7/antlr-2.7.7.jar:/Users/herjimenez/.m2/repository/org/jboss/jandex/2.1.3.Final/jandex-2.1.3.Final.jar:/Users/herjimenez/.m2/repository/com/fasterxml/classmate/1.5.1/classmate-1.5.1.jar:/Users/herjimenez/.m2/repository/org/dom4j/dom4j/2.1.3/dom4j-2.1.3.jar:/Users/herjimenez/.m2/repository/org/hibernate/common/hibernate-commons-annotations/5.1.2.Final/hibernate-commons-annotations-5.1.2.Final.jar:/Users/herjimenez/.m2/repository/org/glassfish/jaxb/jaxb-runtime/2.3.3/jaxb-runtime-2.3.3.jar:/Users/herjimenez/.m2/repository/org/glassfish/jaxb/txw2/2.3.3/txw2-2.3.3.jar:/Users/herjimenez/.m2/repository/com/sun/istack/istack-commons-runtime/3.0.11/istack-commons-runtime-3.0.11.jar:/Users/herjimenez/.m2/repository/com/sun/activation/jakarta.activation/1.2.2/jakarta.activation-1.2.2.jar:/Users/herjimenez/.m2/repository/org/springframework/data/spring-data-jpa/2.4.3/spring-data-jpa-2.4.3.jar:/Users/herjimenez/.m2/repository/org/springframework/data/spring-data-commons/2.4.3/spring-data-commons-2.4.3.jar:/Users/herjimenez/.m2/repository/org/springframework/spring-orm/5.3.3/spring-orm-5.3.3.jar:/Users/herjimenez/.m2/repository/org/springframework/spring-tx/5.3.3/spring-tx-5.3.3.jar:/Users/herjimenez/.m2/repository/org/springframework/spring-aspects/5.3.3/spring-aspects-5.3.3.jar:/Users/herjimenez/.m2/repository/com/h2database/h2/1.4.200/h2-1.4.200.jar:/Users/herjimenez/.m2/repository/mysql/mysql-connector-java/8.0.22/mysql-connector-java-8.0.22.jar:/Users/herjimenez/.m2/repository/com/mercadolibre/spring-boot-starter/0.0.4/spring-boot-starter-0.0.4.jar:/Users/herjimenez/.m2/repository/com/fury/furyutils/0.0.2/furyutils-0.0.2.jar:/Users/herjimenez/.m2/repository/com/googlecode/json-simple/json-simple/1.1.1/json-simple-1.1.1.jar:/Users/herjimenez/.m2/repository/log4j/log4j/1.2.12/log4j-1.2.12.jar:/Users/herjimenez/.m2/repository/org/modelmapper/modelmapper/2.3.5/modelmapper-2.3.5.jar:"/>
    <property name="sun.cpu.endian" value="little"/>
    <property name="user.home" value="/Users/herjimenez"/>
    <property name="user.language" value="es"/>
    <property name="java.specification.vendor" value="Oracle Corporation"/>
    <property name="java.version.date" value="2021-01-19"/>
    <property name="java.home" value="/Users/herjimenez/.sdkman/candidates/java/11.0.10-zulu/zulu-11.jdk/Contents/Home"/>
    <property name="file.separator" value="/"/>
    <property name="basedir" value="/Users/herjimenez/Documents/Project-Fury/desafiofinal/desafiofinaljosejimenez"/>
    <property name="java.vm.compressedOopsMode" value="Zero based"/>
    <property name="line.separator" value="&#10;"/>
    <property name="java.specification.name" value="Java Platform API Specification"/>
    <property name="java.vm.specification.vendor" value="Oracle Corporation"/>
    <property name="jdk.vendor.version" value="Zulu11.45+27-CA"/>
    <property name="java.awt.graphicsenv" value="sun.awt.CGraphicsEnvironment"/>
    <property name="sun.management.compiler" value="HotSpot 64-Bit Tiered Compilers"/>
    <property name="ftp.nonProxyHosts" value="local|*.local|169.254/16|*.169.254/16"/>
    <property name="java.runtime.version" value="11.0.10+9-LTS"/>
    <property name="user.name" value="herjimenez"/>
    <property name="path.separator" value=":"/>
    <property name="os.version" value="10.16"/>
    <property name="java.runtime.name" value="OpenJDK Runtime Environment"/>
    <property name="file.encoding" value="US-ASCII"/>
    <property name="java.vm.name" value="OpenJDK 64-Bit Server VM"/>
    <property name="java.vendor.version" value="Zulu11.45+27-CA"/>
    <property name="localRepository" value="/Users/herjimenez/.m2/repository"/>
    <property name="java.vendor.url.bug" value="http://www.azulsystems.com/support/"/>
    <property name="java.io.tmpdir" value="/var/folders/45/4yzjqs7d11j9yh83h_n17zgchmlvy6/T/"/>
    <property name="java.version" value="11.0.10"/>
    <property name="user.dir" value="/Users/herjimenez/Documents/Project-Fury/desafiofinal/desafiofinaljosejimenez"/>
    <property name="os.arch" value="x86_64"/>
    <property name="java.vm.specification.name" value="Java Virtual Machine Specification"/>
    <property name="java.awt.printerjob" value="sun.lwawt.macosx.CPrinterJob"/>
    <property name="sun.os.patch.level" value="unknown"/>
    <property name="java.library.path" value="/Users/herjimenez/Library/Java/Extensions:/Library/Java/Extensions:/Network/Library/Java/Extensions:/System/Library/Java/Extensions:/usr/lib/java:."/>
    <property name="java.vm.info" value="mixed mode"/>
    <property name="java.vendor" value="Azul Systems, Inc."/>
    <property name="java.vm.version" value="11.0.10+9-LTS"/>
    <property name="sun.io.unicode.encoding" value="UnicodeBig"/>
    <property name="java.class.version" value="55.0"/>
    <property name="socksNonProxyHosts" value="local|*.local|169.254/16|*.169.254/16"/>
  </properties>
  <testcase name="randomPositiveTestOK" classname="com.mercadolibre.desafiofinaljosejimenez.unit.beans.RandomSampleBeanTest" time="0.032"/>
</testsuite>